New APDU received:
E042000009000000010400000002
Init transaction parser
Add to hash full
04000000
Add to hash full
02
Number of inputs : 2
Process input
New APDU received:
E0428000257B9FD381107E6A554D0C1D48C0C32CCB048CC768B30805FAF724732225660AD4000000006B
Process input
Add to hash full
7B9FD381107E6A554D0C1D48C0C32CCB048CC768B30805FAF724732225660AD400000000
Add to hash full
6B
Script to read 107
Process input script, remaining 107
New APDU received:
E042800032483045022100B405F9668C51BB91C1FFFAA0E4493120EC236772D82585406784DDABD9F525070220240AAFE0489B5D9AAD5A
Process input script, remaining 107
Add to hash full
483045022100B405F9668C51BB91C1FFFAA0E4493120EC236772D82585406784DDABD9F525070220240AAFE0489B5D9AAD5A
Process input script, remaining 57
New APDU received:
E042800032CBFC962A926377EA6F801452336C2E7294CF9488F8620121029E98300D858EE90CC338984C784FA5C32418165BE2D7072308
Process input script, remaining 57
Add to hash full
CBFC962A926377EA6F801452336C2E7294CF9488F8620121029E98300D858EE90CC338984C784FA5C32418165BE2D7072308
Process i<00><00><00><00><00><00><00><00><00><00><00>nput script, remaining 7
New APDU received:
E04280000BAC7D5F338843B0FFFFFFFF
Process input script, remaining 7
Add to hash full
AC7D5F338843
Process input script, remaining 1
Disabling P2SH consumption
Add to hash full
B0
Add to hash full
FFFFFFFF
Process input
New APDU received:
E0428000257C91FF4EA14F5B18C03353CB48D391346183F97524BD2DCEA63D9B9D1CA36681010000006A
Process input
Add to hash full
7C91FF4EA14F5B18C03353CB48D391346183F97524BD2DCEA63D9B9D1CA3668101000000
Add to hash full
6A
Script to read 106
Process input script, remaining 106
New APDU received:
E042800032473044022014DBC8EAB1215456E058C50A0CC2D80DC5DF23339165FA7457133F32C8DA4FC202203E5BAD2B002F8DD46DDDEE
Process input script, remaining 106
Add to hash full
473044022014DBC8EAB1215456E058C50A0CC2D80DC5DF23339165FA7457133F32C8DA4FC202203E5BAD2B002F8DD46DDDEE
Process input script, remaining 56
New APDU received:
E0428000325D1E6B72D15C03173111D13CA3C20167F7BE47DEA60121029E98300D858EE90CC338984C784FA5C32418165BE2D7072308AC
Process input script, remaining 56
Add to hash full
5D1E6B72D15C03173111D13CA3C20167F7BE47DEA60121029E98300D858EE90CC338984C784FA5C32418165BE2D7072308AC
Process input script, remaining 6
New APDU received:
E04280000A7D5F338843B0FFFFFFFF
Process input script, remaining 6
Add to hash full
7D5F338843
Process input script, remaining 1
Disabling P2SH consumption
Add to hash full
B0
Add to hash full
FFFFFFFF
Process input
Input hashing done
New APDU received:
E04280000103
Input hashing done
Add to hash full
03
Number of outputs : 3
New APDU received:
E04280003A00000000000000001976A914F51BB919462DBE9F29F979A78BFC26D40D44B53088AC01000000020000000200000003444E41D007000000000000
Add to hash full
0000000000000000
Add to hash full
19
Script to read 49
Process output script, remaining 49
Add to hash full
76A914F51BB919462DBE9F29F979A78BFC26D40D44B53088AC01000000020000000200000003444E41D007000000000000
Process output script, remaining 0
New APDU received:
E04280003A00000000000000001976A914D2B0D45DFDBA50FBD227F968C79A29ECE05144FB88AC01000000020000000200000003444E41401F000000000000
Process output script, remaining 0
Add to hash full
0000000000000000
Add to hash full
19
Script to read 49
Process output script, remaining 49
Add to hash full
76A914D2B0D45DFDBA50FBD227F968C79A29ECE05144FB88AC01000000020000000200000003444E41401F000000000000
Process output script, remaining 0
New APDU received:
E04280002A80A90300000000001976A914D2B0D45DFDBA50FBD227F968C79A29ECE05144FB88AC0100000000000000
Process output script, remaining 0
Add to hash full
80A9030000000000
Add to hash full
19
Script to read 33
Process output script, remaining 33
Add to hash full
76A914D2B0D45DFDBA50FBD227F968C79A29ECE05144FB88AC0100000000000000
Process output script, remaining 0
New APDU received:
E04280000400000000
Process output script, remaining 0
Output hashing done
Add to hash full
00000000
Transaction parsed
New APDU received:
E042000009000000020400000002
Init transaction parser
Add to hash full
04000000
Add to hash full
02
Number of inputs : 2
Process input
New APDU received:
E042800025710652EEC1F2004C40F0FE5777E7A2FE1201F568B8F74CD55C6F7E757BA71C37000000006A
Process input
Add to hash full
710652EEC1F200fC40F0FE5777E7A2FE1201F568B8F74CD55C6F7E757BA71C3700000000
Add to hash full
6A
Script to read 106
Process input script, remaining 106
New APDU received:
E042800032473044022024C7AE9B1F2044E55C18DEE099DAC5C0AF82A0D18D5A78187E44E5B7CEA56F38022033D73E9413E807CFBEC6C4
Process input script, remaining 106
Add to hash full
473044022024C7AE9B1F2044E55C18DEE099DAC5C0AF82A0D18D5A78187E44E5B7CEA56F38022033D73E9413E807CFBEC6C4
Process input script, remaining 56
New APDU received:
E042800032FFADACE2D81013C6BE9B01E1931649B573910888BE0121029E98300D858EE90CC338984C784FA5C32418165BE2D7072308AC
Process input script, remaining 56
Add to hash full
FFADACE2D81013C6BE9B01E1931649B573910888BE0121029E98300D858EE90CC338984C784FA5C32418165BE2D7072308AC
Process input script, remaining 6
New APDU received:
E04280000A7D5F338843B0FFFFFFFF
Process input script, remaining 6
Add to hash full
7D5F338843
Process input script, remaining 1
Disabling P2SH consumption
Add to hash full
B0
Add to hash full
FFFFFFFF
Process input
New APDU received:
E042800025908ECC13FC1F68968768056FFFB5BAC13F6ECAE6A2814C8B515B86B495FEEABF020000006B
Process input
Add to hash full
908ECC13FC1F68968768056FFFB5BAC13F6ECAE6A2814C8B515B86B495FEEABF02000000
Add to hash full
6B
Script to read 107
Process input script, remaining 107
New APDU received:
E042800032483045022100913B2F1B1E0AD2248BF6676B5DE682589B7A0CDD4E1D4BCF3F890F1C8F0EFAD40220506CF9AA8FE87FE380A4
Process input script, remaining 107
Add to hash full
483045022100913B2F1B1E0AD2248BF6676B5DE682589B7A0CDD4E1D4BCF3F890F1C8F0EFAD40220506CF9AA8FE87FE380A4
Process input script, remaining 57
New APDU received:
E04280003209758F2657B5653C44D5815F8ABB73FEDB238BB0AD770121029E98300D858EE90CC338984C784FA5C32418165BE2D7072308
Process input script, remaining 57
Add to hash full
09758F2657B5653C44D5815F8ABB73FEDB238BB0AD770121029E98300D858EE90CC338984C784FA5C32418165BE2D7072308
Process input script, remaining 7
New APDU received:
E04280000BAC7D5F338843B0FFFFFFFF
Process input script, remaining 7
Add to hash full
AC7D5F338843
Process input script, remaining 1
Disabling P2SH consumption
Add to hash full
B0
Add to hash full
FFFFFFFF
Process input
Input hashing done
New APDU received:
E04280000103
Input hashing done
Add to hash full
03
Number of outputs : 3
New APDU received:
E04280003A00000000000000001976A9144D9EC5E072B30159A43B2C5ABE52CD734FF7295F88AC010000000200000002000000035453541027000000000000
Add to hash full
0000000000000000
Add to hash full
19
Script to read 49
Process output script, remaining 49
Add to hash full
76A9144D9EC5E072B30159A43B2C5ABE52CD734FF7295F88AC010000000200000002000000035453541027000000000000
Process output script, remaining 0
New APDU received:
E04280003A00000000000000001976A914D2B0D45DFDBA50FBD227F968C79A29ECE05144FB88AC01000000020000000200000003545354D007000000000000
Process output script, remaining 0
Add to hash full
0000000000000000
Add to hash full
19
Script to read 49
Process output script, remaining 49
Add to hash full
76A914D2B0D45DFDBA50FBD227F968C79A29ECE05144FB88AC01000000020000000200000003545354D007000000000000
Process output script, remaining 0
New APDU received:
E04280002A70820300000000001976A914D2B0D45DFDBA50FBD227F968C79A29ECE05144FB88AC0100000000000000
Process output script, remaining 0
Add to hash full
7082030000000000
Add to hash full
19
Script to read 33
Process output script, remaining 33
Add to hash full
76A914D2B0D45DFDBA50FBD227F968C79A29ECE05144FB88AC0100000000000000
Process output script, remaining 0
New APDU received:
E04280000400000000
Process output script, remaining 0
Output hashing done
Add to hash full
00000000
Transaction parsed
New APDU received:
E040000015058000002C800008FE800000010000000000000000
pin ok
Using private component
00D6EE568C184B1B1F39862DAAB957C1C720D30AC7A21FC4E3EE6EF4775013AE
To hash
029E98300D858EE90CC338984C784FA5C32418165BE2D7072308AC7D5F338843B0
Hash160
D2B0D45DFDBA50FBD227F968C79A29ECE05144FB
Checksum
9F84A9F7
Length to encode 25
To encode
32D2B0D45DFDBA50FBD227F968C79A29ECE05144FB9F84A9F7
Length encoded 34
Encoded
4D5437427933697270316E7A54766861337A4765377438683631487455537A54416E
Length 34
New APDU received:
E040000015058000002C800008FE800000010000000000000000
pin ok
Using private component
00D6EE568C184B1B1F39862DAAB957C1C720D30AC7A21FC4E3EE6EF4775013AE
To hash
029E98300D858EE90CC338984C784FA5C32418165BE2D7072308AC7D5F338843B0
Hash160
D2B0D45DFDBA50FBD227F968C79A29ECE05144FB
Checksum
9F84A9F7
Length to encode 25
To encode
32D2B0D45DFDBA50FBD227F968C79A29ECE05144FB9F84A9F7
Length encoded 34
Encoded
4D5437427933697270316E7A54766861337A4765377438683631487455537A54416E
Length 34
New APDU received:
E0440000050400000002
Init transaction parser
Add to hash full
04000000
Add to hash full
02
Number of inputs : 2
Process input
New APDU received:
E04480003B013832000633908ECC13FC1F68968768056FFFB5BAC13F6ECAE6A2814C8B515B86B495FEEABF0100000000000000000000001BAB6D0AAE37BF4419
Process input
Trusted input hash
908ECC13FC1F68968768056FFFB5BAC13F6ECAE6A2814C8B515B86B495FEEABF01000000
Add to hash full
908ECC13FC1F68968768056FFFB5BAC13F6ECAE6A2814C8B515B86B495FEEABF01000000
Adding amount
0000000000000000
New amount
0000000000000000
Add to hash full
19
Script to read 25
Process input script, remaining 25
New APDU received:
E04480001D76A914D2B0D45DFDBA50FBD227F968C79A29ECE05144FB88ACFFFFFFFF
Process input script, remaining 25
Add to hash full
76A914D2B0D45DFDBA50FBD227F968C79A29ECE05144FB88
Process input script, remaining 1
Disabling P2SH consumption
Add to hash full
AC
Add to hash full
FFFFFFFF
Process input
New APDU received:
E04480003B013832007C2F3A8400FC35FDD71ED2078C8839272F8ECD9471F864D0E6FD77D390A983529E3E02000000708203000000000020EE8CF012709FA700
Process input
Trusted input hash
3A8400FC35FDD71ED2078C8839272F8ECD9471F864D0E6FD77D390A983529E3E02000000
Add to hash full
3A8400FC35FDD71ED2078C8839272F8ECD9471F864D0E6FD77D390A983529E3E02000000
Adding amount
7082030000000000
New amount
0000000000038270
Add to hash full
00
Script to read 0
Process input script, remaining 0
New APDU received:
E044800004FFFFFFFF
Process input script, remaining 0
Add to hash full
FFFFFFFF
Process input
Input hashing done
Presign ready
New APDU received:
E04AFF0015058000002C800008FE800000010000000000000000
state=1
Using private component
00D6EE568C184B1B1F39862DAAB957C1C720D30AC7A21FC4E3EE6EF4775013AE
New APDU received:
E04AFF0E03040400
state=1
New APDU received:
E04A00000103
state=1
New APDU received:
E04A00003A00000000000000001976A914A0407B04A4E65C269E7254BA1AB84AFFBDAD6EEC88AC01000000020000000200000003444E41E803000000000000
state=2
Checksum
10CEAC3C
Length to encode 25
To encode
32A0407B04A4E65C269E7254BA1AB84AFFBDAD6EEC10CEAC3C
Length encoded 34
Encoded
4D4E5756624A754E78713946514E4C31625758783573586946524B6A634675756A39
Parse Pointer: 01000000020000000200000003444E41E80300000000000000000000000000000000000000000000000000000000000000000000000000000000000000000000000000000000000000000000000000000000000000000000000000000000000000000000
