New APDU received:
E042000009000000000400000002
Init transaction parser
Add to hash full
04000000
Add to hash full
02
Number of inputs : 2
Process input
New APDU received:
E0428000250973A98BB936AA53C9B47CE959D19A854262D44D5F8F1F5C97A3BBFA320B4DDB000000006B
Process input
Add to hash full
0973A98BB936AA53C9B47CE959D19A854262D44D5F8F1F5C97A3BBFA320B4DDB00000000
Add to hash full
6B
Script to read 107
Process input script, remaining 107
New APDU received:
E042800032483045022100A3F66F8CC5A18BFAFD7FF14BEA64CF9352191091077A5E636A7D27E070434CC402202A8FF8EA7C9459C300B9
Process input script, remaining 107
Add to hash full
483045022100A3F66F8CC5A18BFAFD7FF14BEA64CF9352191091077A5E636A7D27E070434CC402202A8FF8EA7C9459C300B9
Process input script, remaining 57
New APDU received:
E042800032875773E56D39A1AEA3397A337D8AFC777BAA083475960121029E98300D858EE90CC338984C784FA5C32418165BE2D7072308
Process input script, remaining 57
Add to hash full
875773E56D39A1AEA3397A337D8AFC777BAA083475960121029E98300D858EE90CC338984C784FA5C32418165BE2D7072308
Process input script, remaining 7
New APDU received:
E04280000BAC7D5F338843B0FFFFFFFF
Process input script, remaining 7
Add to hash full
AC7D5F338843
Process input script, remaining 1
Disabling P2SH consumption
Add to hash full
B0
Add to hash full
FFFFFFFF
Process input
New APDU received:
E04280002511EAD558E7A69E67DB3DF60A0D2FB291D80E8A6BCC3B80CD231629B928CFEE20000000006A
Process input
Add to hash full
11EAD558E7A69E67DB3DF60A0D2FB291D80E8A6BCC3B80CD231629B928CFEE2000000000
Add to hash full
6A
Script to read 106
Process input script, remaining 106
New APDU received:
E0428000324730440220046A6366ABF30C896E612C1BF329F1B92260B8D858096CD920FD3B075CEB4702022049EC92C7E207F6773E1542
Process input script, remaining 106
Add to hash full
4730440220046A6366ABF30C896E612C1BF329F1B92260B8D858096CD920FD3B075CEB4702022049EC92C7E207F6773E1542
Process input script, remaining 56
New APDU received:
E0428000320576BB0247EC97997AB203CB6B6B4D170324B217EE0121029E98300D858EE90CC338984C784FA5C32418165BE2D7072308AC
Process input script, remaining 56
Add to hash full
0576BB0247EC97997AB203CB6B6B4D170324B217EE0121029E98300D858EE90CC338984C784FA5C32418165BE2D7072308AC
Process input script, remaining 6
New APDU received:
E04280000A7D5F338843B0FFFFFFFF
Process input script, remaining 6
Add to hash full
7D5F338843
Process input script, remaining 1
Disabling P2SH consumption
Add to hash full
B0
Add to hash full
FFFFFFFF
Process input
Input hashing done
New APDU received:
E04280000103
Input hashing done
Add to hash full
03
Number of outputs : 3
New APDU received:
E04280003A00000000000000001976A914A0407B04A4E65C269E7254BA1AB84AFFBDAD6EEC88AC01000000020000000200000003444E411027000000000000
Add to hash full
0000000000000000
Add to hash full
19
Script to read 49
Process output script, remaining 49
Add to hash full
76A914A0407B04A4E65C269E7254BA1AB84AFFBDAD6EEC88AC01000000020000000200000003444E411027000000000000
Process output script, remaining 0
New APDU received:
E04280003A00000000000000001976A914D2B0D45DFDBA50FBD227F968C79A29ECE05144FB88AC01000000020000000200000003444E41204E000000000000
Process output script, remaining 0
Add to hash full
0000000000000000
Add to hash full
19
Script to read 49
Process output script, remaining 49
Add to hash full
76A914D2B0D45DFDBA50FBD227F968C79A29ECE05144FB88AC01000000020000000200000003444E41204E000000000000
Process output script, remaining 0
New APDU received:
E04280002AD06C0400000000001976A914D2B0D45DFDBA50FBD227F968C79A29ECE05144FB88AC0100000000000000
Process output script, remaining 0
Add to hash full
D06C040000000000
Add to hash full
19
Script to read 33
Process output script, remaining 33
Add to hash full
76A914D2B0D45DFDBA50FBD227F968C79A29ECE05144FB88AC0100000000000000
Process output script, remaining 0
New APDU received:
E04280000400000000
Process output script, remaining 0
Output hashing done
Add to hash full
00000000
Transaction parsed
New APDU received:
E042000009000000010400000001
Init transaction parser
Add to hash full
04000000
Add to hash full
01
Number of inputs : 1
Process input
New APDU received:
E04280002565BA5D6828315EAAD8BDF19047E673FA8F6EDD396E0EAF10A7B31BD4E6316414010000006B
Process input
Add to hash full
65BA5D6828315EAAD8BDF19047E673FA8F6EDD396E0EAF10A7B31BD4E631641401000000
Add to hash full
6B
Script to read 107
Process input script, remaining 107
New APDU received:
E04280003248304502210093BC8F469C7BAA33F2E89AB73CB3DB01AAF2FF7D4B33649B90AEAF53DF3C2143022057E7C21E0748F9AA0373
Process input script, remaining 107
Add to hash full
48304502210093BC8F469C7BAA33F2E89AB73CB3DB01AAF2FF7D4B33649B90AEAF53DF3C2143022057E7C21E0748F9AA0373
Process input script, remaining 57
New APDU received:
E0428000325628C95759AD8E16327ADD6F0DA3B6807367EAEF1CD7012103B8A7892F5B333881A261465938EA4170B3387AADEDC8DB0B54
Process input script, remaining 57
Add to hash full
5628C95759AD8E16327ADD6F0DA3B6807367EAEF1CD7012103B8A7892F5B333881A261465938EA4170B3387AADEDC8DB0B54
Process input script, remaining 7
New APDU received:
E04280000B89EBA930D512BDFFFFFFFF
Process input script, remaining 7
Add to hash full
89EBA930D512
Process input script, remaining 1
Disabling P2SH consumption
Add to hash full
BD
Add to hash full
FFFFFFFF
Process input
Input hashing done
New APDU received:
E04280000102
Input hashing done
Add to hash full
02
Number of outputs : 2
New APDU received:
E04280002AE0930400000000001976A914D2B0D45DFDBA50FBD227F968C79A29ECE05144FB88AC0100000000000000
Add to hash full
E093040000000000
Add to hash full
19
Script to read 33
Process output script, remaining 33
Add to hash full
76A914D2B0D45DFDBA50FBD227F968C79A29ECE05144FB88AC0100000000000000
Process output script, remaining 0
New APDU received:
E04280002AC0ED6500000000001976A914A0407B04A4E65C269E7254BA1AB84AFFBDAD6EEC88AC0100000000000000
Process output script, remaining 0
Add to hash full
C0ED650000000000
Add to hash full
19
Script to read 33
Process output script, remaining 33
Add to hash full
76A914A0407B04A4E65C269E7254BA1AB84AFFBDAD6EEC88AC0100000000000000
Process output script, remaining 0
New APDU received:
E04280000400000000
Process output script, remaining 0
Output hashing done
Add to hash full
00000000
Transaction parsed
New APDU received:
E040000015058000002C800008FE800000000000000000000000
pin ok
Using private component
C7E3509E7D0C887C7363B7E5E2A09t has47E4B8C2A92023D9CD54E0182B044CA2F74
To hash
03B8A7892F5B333881A261465938EA4170B3387AADEDC8DB0B5489EBA930D512BD
Hash160
A0407B04A4E65C269E7254BA1AB84AFFBDAD6EEC
Checksum
10CEAC3C
Length to encode 25
To encode
32A0407B04A4E65C269E7254BA1AB84AFFBDAD6EEC10CEAC3C
Length encoded 34
Encoded
4D4E5756624A754E78713946514E4C31625758783573586946524B6A634675756A39
Length 34
New APDU received:
E040000015058000002C800008FE800000000000000000000000
pin ok
Using private component
C7E3509E7D0C887C7363B7E5E2A0947E4B8C2A92023D9CD54E0182B044CA2F74
To hash
03B8A7892F5B333881A261465938EA4170B3387AADEDC8DB0B5489EBA930D512BD
Hash160
A0407B04A4E65C269E7254BA1AB84AFFBDAD6EEC
Checksum
10CEAC3C
Length to encode 25
To encode
32A0407B04A4E65C269E7254BA1AB84AFFBDAD6EEC10CEAC3C
Length encoded 34
Encoded
4D4E5756624A754E78713946514E4C31625758783573586946524B6A634675756A39
Length 34
New APDU received:
E0440000050400000002
Init transaction parser
Add to hash full
04000000
Add to hash full
02
Number of inputs : 2
Process input
New APDU received:
E04480003B013832006C238223DE184BDD2FBD3382B583C08B93129C139294F98BE3284C4BF25C71E6CEDB0000000000000000000000000BCB46B318E264BF19
Process input
Trusted input hash
8223DE184BDD2FBD3382B583C08B93129C139294F98BE3284C4BF25C71E6CEDB00000000
Add to hash full
8223DE184BDD2FBD3382B583C08B93129C139294F98BE3284C4BF25C71E6CEDB00000000
Adding amount
0000000000000000
New amount
0000000000000000
Add to hash full
19
Script to read 25
Process input script, remaining 25
New APDU received:
E04480001D76A914A0407B04A4E65C269E7254BA1AB84AFFBDAD6EEC88ACFFFFFFFF
Process input script, remaining 25
Add to hash full
76A914A0407B04A4E65C269E7254BA1AB84AFFBDAD6EEC88
Process input script, remaining 1
Disabling P2SH consumption
Add to hash full
AC
Add to hash full
FFFFFFFF
Process input
New APDU received:
E04480003B013832003B4311EAD558E7A69E67DB3DF60A0D2FB291D80E8A6BCC3B80CD231629B928CFEE2001000000C0ED6500000000003321437147839E3500
Process input
Trusted input hash
11EAD558E7A69E67DB3DF60A0D2FB291D80E8A6BCC3B80CD231629B928CFEE2001000000
Add to hash full
11EAD558E7A69E67DB3DF60A0D2FB291D80E8A6BCC3B80CD231629B928CFEE2001000000
Adding amount
C0ED650000000000
New amount
000000000065EDC0
Add to hash full
00
Script to read 0
Process input script, remaining 0
New APDU received:
E044800004FFFFFFFF
Process input script, remaining 0
Add to hash full
FFFFFFFF
Process input
Input hashing done
Presign ready
New APDU received:
E04AFF0015058000002C800008FE800000000000000000000000
state=1
Using private component
C7E3509E7D0C887C7363B7E5E2A0947E4B8C2A92023D9CD54E0182B044CA2F74
New APDU received:
E04AFF0E03040400
state=1
New APDU received:
E04A00003B0300000000000000001976A914D2B0D45DFDBA50FBD227F968C79A29ECE05144FB88AC01000000020000000200000003444E41D204000000000000
state=1
Checksum
9F84A9F7
Length to encode 25
To encode
32D2B0D45DFDBA50FBD227F968C79A29ECE05144FB9F84A9F7
Length encoded 34
Encoded
4D5437427933697270316E7A54766861337A4765377438683631487455537A54416E
ETP_VERSION 1
ETP_BUFF Type = 02000000
ATTACHMENT.TYPE.MST
ETP_OUT_TYPE 22
New APDU received:
E04A00003A00000000000000001976A914A0407B04A4E65C269E7254BA1AB84AFFBDAD6EEC88AC01000000020000000200000003444E413E22000000000000
state=2
New APDU received:
E04A80002AB0C66500000000001976A914A0407B04A4E65C269E7254BA1AB84AFFBDAD6EEC88AC0100000000000000
state=2

